2025-04-17 17:46:30,900 - __main__ - INFO - Logging initialized. Logs will be written to the root file and console.
2025-04-17 17:46:30,900 - __main__ - INFO - Scheduler Started 
2025-04-17 17:47:30,903 - __main__ - INFO - XD token got expired
2025-04-17 17:47:30,903 - __main__ - INFO - Both XD and Bearer got expired so generating new forp_token_2 and xd_token_2
2025-04-17 17:47:31,081 - __main__ - INFO - X-d token fetched - 200
2025-04-17 17:47:31,516 - __main__ - INFO - xd token is their but bearer token expired
2025-04-17 17:47:31,604 - __main__ - ERROR - unable to fetch access token
2025-04-17 17:47:31,605 - __main__ - INFO - Generated new bearer token for this xd xd_token_3
2025-04-17 17:47:31,610 - __main__ - INFO - XD token got expired
2025-04-17 17:47:31,611 - __main__ - INFO - Both XD and Bearer got expired so generating new forp_token_4 and xd_token_4
2025-04-17 17:47:31,788 - __main__ - INFO - X-d token fetched - 200
2025-04-17 17:47:32,198 - __main__ - INFO - XD token got expired
2025-04-17 17:47:32,198 - __main__ - INFO - Both XD and Bearer got expired so generating new forp_token_6 and xd_token_6
2025-04-17 17:47:32,371 - __main__ - INFO - X-d token fetched - 200
2025-04-17 17:47:32,468 - __main__ - ERROR - unable to fetch access token
2025-04-17 17:47:32,474 - __main__ - INFO - XD token got expired
2025-04-17 17:47:32,475 - __main__ - INFO - Both XD and Bearer got expired so generating new forp_token_7 and xd_token_7
2025-04-17 17:47:32,664 - __main__ - INFO - X-d token fetched - 200
2025-04-17 17:47:33,113 - __main__ - INFO - XD token got expired
2025-04-17 17:47:33,113 - __main__ - INFO - Both XD and Bearer got expired so generating new forp_token_9 and xd_token_9
2025-04-17 17:47:33,290 - __main__ - INFO - X-d token fetched - 200
2025-04-17 17:47:33,768 - __main__ - INFO - XD token got expired
2025-04-17 17:47:33,768 - __main__ - INFO - Both XD and Bearer got expired so generating new forp_token_11 and xd_token_11
2025-04-17 17:47:33,948 - __main__ - INFO - X-d token fetched - 200
2025-04-17 17:47:34,410 - __main__ - INFO - XD token got expired
2025-04-17 17:47:34,410 - __main__ - INFO - Both XD and Bearer got expired so generating new forp_token_13 and xd_token_13
2025-04-17 17:47:34,569 - __main__ - INFO - X-d token fetched - 200
2025-04-17 17:47:35,013 - __main__ - INFO - XD token got expired
2025-04-17 17:47:35,014 - __main__ - INFO - Both XD and Bearer got expired so generating new forp_token_15 and xd_token_15
2025-04-17 17:47:35,205 - __main__ - INFO - X-d token fetched - 200
2025-04-17 17:47:35,315 - __main__ - ERROR - unable to fetch access token
2025-04-17 17:47:35,315 - __main__ - INFO - XD token got expired
2025-04-17 17:47:35,315 - __main__ - INFO - Both XD and Bearer got expired so generating new forp_token_16 and xd_token_16
2025-04-17 17:47:35,496 - __main__ - INFO - X-d token fetched - 200
2025-04-17 17:47:35,972 - __main__ - INFO - XD token got expired
2025-04-17 17:47:35,972 - __main__ - INFO - Both XD and Bearer got expired so generating new forp_token_18 and xd_token_18
2025-04-17 17:47:36,130 - __main__ - INFO - X-d token fetched - 200
2025-04-17 17:47:36,231 - __main__ - ERROR - unable to fetch access token
2025-04-17 17:47:36,233 - __main__ - INFO - XD token got expired
2025-04-17 17:47:36,234 - __main__ - INFO - Both XD and Bearer got expired so generating new forp_token_19 and xd_token_19
2025-04-17 17:47:36,412 - __main__ - INFO - X-d token fetched - 200
2025-04-17 17:47:36,582 - __main__ - ERROR - unable to fetch access token
2025-04-17 17:47:36,587 - __main__ - INFO - XD token got expired
2025-04-17 17:47:36,587 - __main__ - INFO - generating xd token for this bearer token xd_token_21
2025-04-17 17:47:36,777 - __main__ - INFO - X-d token fetched - 200
2025-04-17 17:47:36,782 - __main__ - INFO - XD token got expired
2025-04-17 17:47:36,782 - __main__ - INFO - Both XD and Bearer got expired so generating new forp_token_22 and xd_token_22
2025-04-17 17:47:36,947 - __main__ - INFO - X-d token fetched - 200
2025-04-17 17:47:37,379 - __main__ - INFO - XD token got expired
2025-04-17 17:47:37,380 - __main__ - INFO - Both XD and Bearer got expired so generating new forp_token_24 and xd_token_24
2025-04-17 17:47:37,568 - __main__ - INFO - X-d token fetched - 200
2025-04-17 17:47:37,977 - __main__ - INFO - XD token got expired
2025-04-17 17:47:37,977 - __main__ - INFO - Both XD and Bearer got expired so generating new forp_token_26 and xd_token_26
2025-04-17 17:47:38,163 - __main__ - INFO - X-d token fetched - 200
2025-04-17 17:47:38,644 - __main__ - INFO - XD token got expired
2025-04-17 17:47:38,644 - __main__ - INFO - Both XD and Bearer got expired so generating new forp_token_28 and xd_token_28
2025-04-17 17:47:38,860 - __main__ - INFO - X-d token fetched - 200
2025-04-17 17:47:39,271 - __main__ - INFO - XD token got expired
2025-04-17 17:47:39,271 - __main__ - INFO - Both XD and Bearer got expired so generating new forp_token_30 and xd_token_30
2025-04-17 17:47:39,438 - __main__ - INFO - X-d token fetched - 200
2025-04-17 17:47:39,510 - __main__ - ERROR - unable to fetch access token
2025-04-17 17:47:39,513 - __main__ - INFO - XD token got expired
2025-04-17 17:47:39,513 - __main__ - INFO - Both XD and Bearer got expired so generating new forp_token_31 and xd_token_31
2025-04-17 17:47:39,700 - __main__ - INFO - X-d token fetched - 200
2025-04-17 17:47:40,323 - __main__ - INFO - xd token is their but bearer token expired
2025-04-17 17:47:40,412 - __main__ - ERROR - unable to fetch access token
2025-04-17 17:47:40,412 - __main__ - INFO - Generated new bearer token for this xd xd_token_32
2025-04-17 17:47:40,417 - __main__ - INFO - XD token got expired
2025-04-17 17:47:40,417 - __main__ - INFO - Both XD and Bearer got expired so generating new forp_token_33 and xd_token_33
2025-04-17 17:47:40,574 - __main__ - INFO - X-d token fetched - 200
2025-04-17 17:47:41,062 - __main__ - INFO - xd token is their but bearer token expired
2025-04-17 17:47:41,175 - __main__ - ERROR - unable to fetch access token
2025-04-17 17:47:41,176 - __main__ - INFO - Generated new bearer token for this xd xd_token_34
2025-04-17 17:47:41,179 - __main__ - INFO - XD token got expired
2025-04-17 17:47:41,179 - __main__ - INFO - Both XD and Bearer got expired so generating new forp_token_35 and xd_token_35
2025-04-17 17:47:41,338 - __main__ - INFO - X-d token fetched - 200
2025-04-17 17:47:41,883 - __main__ - INFO - xd token is their but bearer token expired
2025-04-17 17:47:42,045 - __main__ - ERROR - unable to fetch access token
2025-04-17 17:47:42,047 - __main__ - INFO - Generated new bearer token for this xd xd_token_36
2025-04-17 17:47:42,049 - __main__ - INFO - XD token got expired
2025-04-17 17:47:42,049 - __main__ - INFO - Both XD and Bearer got expired so generating new forp_token_37 and xd_token_37
2025-04-17 17:47:42,226 - __main__ - INFO - X-d token fetched - 200
2025-04-17 17:47:42,359 - __main__ - ERROR - unable to fetch access token
2025-04-17 17:47:42,375 - __main__ - INFO - XD token got expired
2025-04-17 17:47:42,375 - __main__ - INFO - Both XD and Bearer got expired so generating new forp_token_38 and xd_token_38
2025-04-17 17:47:42,754 - __main__ - INFO - X-d token fetched - 200
2025-04-17 17:47:43,254 - __main__ - INFO - xd token is their but bearer token expired
2025-04-17 17:47:43,403 - __main__ - ERROR - unable to fetch access token
2025-04-17 17:47:43,403 - __main__ - INFO - Generated new bearer token for this xd xd_token_39
2025-04-17 17:47:43,408 - __main__ - INFO - XD token got expired
2025-04-17 17:47:43,408 - __main__ - INFO - Both XD and Bearer got expired so generating new forp_token_40 and xd_token_40
2025-04-17 17:47:43,797 - __main__ - INFO - X-d token fetched - 200
2025-04-17 17:47:44,238 - __main__ - INFO - XD token got expired
2025-04-17 17:47:44,238 - __main__ - INFO - Both XD and Bearer got expired so generating new forp_token_41 and xd_token_41
2025-04-17 17:47:44,469 - __main__ - INFO - X-d token fetched - 200
2025-04-17 17:47:44,547 - __main__ - ERROR - unable to fetch access token
2025-04-17 17:47:44,555 - __main__ - INFO - xd token is their but bearer token expired
2025-04-17 17:47:44,707 - __main__ - ERROR - unable to fetch access token
2025-04-17 17:47:44,707 - __main__ - INFO - Generated new bearer token for this xd xd_token_43
2025-04-17 17:47:44,727 - __main__ - INFO - XD token got expired
2025-04-17 17:47:44,728 - __main__ - INFO - Both XD and Bearer got expired so generating new forp_token_44 and xd_token_44
2025-04-17 17:47:45,051 - __main__ - INFO - X-d token fetched - 200
2025-04-17 17:47:45,544 - __main__ - INFO - xd token is their but bearer token expired
2025-04-17 17:47:45,711 - __main__ - ERROR - unable to fetch access token
2025-04-17 17:47:45,712 - __main__ - INFO - Generated new bearer token for this xd xd_token_45
2025-04-17 17:47:45,716 - __main__ - INFO - XD token got expired
2025-04-17 17:47:45,717 - __main__ - INFO - Both XD and Bearer got expired so generating new forp_token_46 and xd_token_46
2025-04-17 17:47:45,871 - __main__ - INFO - X-d token fetched - 200
2025-04-17 17:47:46,401 - __main__ - INFO - xd token is their but bearer token expired
2025-04-17 17:47:46,491 - __main__ - ERROR - unable to fetch access token
2025-04-17 17:47:46,491 - __main__ - INFO - Generated new bearer token for this xd xd_token_47
2025-04-17 17:47:46,495 - __main__ - INFO - XD token got expired
2025-04-17 17:47:46,496 - __main__ - INFO - Both XD and Bearer got expired so generating new forp_token_48 and xd_token_48
2025-04-17 17:47:46,652 - __main__ - INFO - X-d token fetched - 200
2025-04-17 17:47:46,810 - __main__ - ERROR - unable to fetch access token
2025-04-17 17:47:46,810 - __main__ - INFO - XD token got expired
2025-04-17 17:47:46,810 - __main__ - INFO - Both XD and Bearer got expired so generating new forp_token_49 and xd_token_49
2025-04-17 17:47:47,005 - __main__ - INFO - X-d token fetched - 200
2025-04-17 17:47:47,502 - __main__ - INFO - xd token is their but bearer token expired
2025-04-17 17:47:47,625 - __main__ - ERROR - unable to fetch access token
2025-04-17 17:47:47,625 - __main__ - INFO - Generated new bearer token for this xd xd_token_50
2025-04-17 17:48:47,633 - __main__ - INFO - xd token is their but bearer token expired
2025-04-17 17:48:47,706 - __main__ - ERROR - unable to fetch access token
2025-04-17 17:48:47,706 - __main__ - INFO - Generated new bearer token for this xd xd_token_1
2025-04-17 17:48:47,723 - __main__ - INFO - xd token is their but bearer token expired
2025-04-17 17:48:47,806 - __main__ - ERROR - unable to fetch access token
2025-04-17 17:48:47,807 - __main__ - INFO - Generated new bearer token for this xd xd_token_3
2025-04-17 17:48:47,822 - __main__ - INFO - xd token is their but bearer token expired
2025-04-17 17:48:47,910 - __main__ - ERROR - unable to fetch access token
2025-04-17 17:48:47,910 - __main__ - INFO - Generated new bearer token for this xd xd_token_6
2025-04-17 17:48:47,934 - __main__ - INFO - xd token is their but bearer token expired
2025-04-17 17:48:48,039 - __main__ - ERROR - unable to fetch access token
2025-04-17 17:48:48,040 - __main__ - INFO - Generated new bearer token for this xd xd_token_15
2025-04-17 17:48:48,048 - __main__ - INFO - xd token is their but bearer token expired
2025-04-17 17:48:48,170 - __main__ - ERROR - unable to fetch access token
2025-04-17 17:48:48,170 - __main__ - INFO - Generated new bearer token for this xd xd_token_18
2025-04-17 17:48:48,170 - __main__ - INFO - xd token is their but bearer token expired
2025-04-17 17:48:48,288 - __main__ - ERROR - unable to fetch access token
2025-04-17 17:48:48,288 - __main__ - INFO - Generated new bearer token for this xd xd_token_19
2025-04-17 17:48:48,316 - __main__ - INFO - xd token is their but bearer token expired
2025-04-17 17:48:48,422 - __main__ - ERROR - unable to fetch access token
2025-04-17 17:48:48,422 - __main__ - INFO - Generated new bearer token for this xd xd_token_21
2025-04-17 17:48:48,519 - __main__ - INFO - xd token is their but bearer token expired
2025-04-17 17:48:48,676 - __main__ - ERROR - unable to fetch access token
2025-04-17 17:48:48,676 - __main__ - INFO - Generated new bearer token for this xd xd_token_30
2025-04-17 17:48:48,685 - __main__ - INFO - xd token is their but bearer token expired
2025-04-17 17:48:48,823 - __main__ - ERROR - unable to fetch access token
2025-04-17 17:48:48,823 - __main__ - INFO - Generated new bearer token for this xd xd_token_32
2025-04-17 17:48:48,826 - __main__ - INFO - xd token is their but bearer token expired
2025-04-17 17:48:48,939 - __main__ - ERROR - unable to fetch access token
2025-04-17 17:48:48,939 - __main__ - INFO - Generated new bearer token for this xd xd_token_34
2025-04-17 17:48:48,939 - __main__ - INFO - xd token is their but bearer token expired
2025-04-17 17:48:49,071 - __main__ - ERROR - unable to fetch access token
2025-04-17 17:48:49,071 - __main__ - INFO - Generated new bearer token for this xd xd_token_36
2025-04-17 17:48:49,089 - __main__ - INFO - xd token is their but bearer token expired
2025-04-17 17:48:49,227 - __main__ - ERROR - unable to fetch access token
2025-04-17 17:48:49,227 - __main__ - INFO - Generated new bearer token for this xd xd_token_37
2025-04-17 17:48:49,253 - __main__ - INFO - xd token is their but bearer token expired
2025-04-17 17:48:49,387 - __main__ - ERROR - unable to fetch access token
2025-04-17 17:48:49,387 - __main__ - INFO - Generated new bearer token for this xd xd_token_39
2025-04-17 17:48:49,418 - __main__ - INFO - xd token is their but bearer token expired
2025-04-17 17:48:49,536 - __main__ - ERROR - unable to fetch access token
2025-04-17 17:48:49,536 - __main__ - INFO - Generated new bearer token for this xd xd_token_41
2025-04-17 17:48:49,536 - __main__ - INFO - xd token is their but bearer token expired
2025-04-17 17:48:49,684 - __main__ - ERROR - unable to fetch access token
2025-04-17 17:48:49,684 - __main__ - INFO - Generated new bearer token for this xd xd_token_43
2025-04-17 17:48:49,692 - __main__ - INFO - xd token is their but bearer token expired
2025-04-17 17:48:49,807 - __main__ - ERROR - unable to fetch access token
2025-04-17 17:48:49,807 - __main__ - INFO - Generated new bearer token for this xd xd_token_45
2025-04-17 17:48:49,819 - __main__ - INFO - xd token is their but bearer token expired
2025-04-17 17:48:49,921 - __main__ - ERROR - unable to fetch access token
2025-04-17 17:48:49,921 - __main__ - INFO - Generated new bearer token for this xd xd_token_47
2025-04-17 17:48:49,937 - __main__ - INFO - xd token is their but bearer token expired
2025-04-17 17:48:50,057 - __main__ - ERROR - unable to fetch access token
2025-04-17 17:48:50,058 - __main__ - INFO - Generated new bearer token for this xd xd_token_48
2025-04-17 17:48:50,065 - __main__ - INFO - xd token is their but bearer token expired
2025-04-17 17:48:50,202 - __main__ - ERROR - unable to fetch access token
2025-04-17 17:48:50,202 - __main__ - INFO - Generated new bearer token for this xd xd_token_50
2025-04-17 17:49:50,212 - __main__ - INFO - xd token is their but bearer token expired
2025-04-17 17:49:50,353 - __main__ - ERROR - unable to fetch access token
2025-04-17 17:49:50,353 - __main__ - INFO - Generated new bearer token for this xd xd_token_1
2025-04-17 17:49:50,378 - __main__ - INFO - xd token is their but bearer token expired
2025-04-17 17:49:50,503 - __main__ - ERROR - unable to fetch access token
2025-04-17 17:49:50,503 - __main__ - INFO - Generated new bearer token for this xd xd_token_3
2025-04-17 17:49:50,543 - __main__ - INFO - xd token is their but bearer token expired
2025-04-17 17:49:50,653 - __main__ - ERROR - unable to fetch access token
2025-04-17 17:49:50,653 - __main__ - INFO - Generated new bearer token for this xd xd_token_6
2025-04-17 17:49:50,688 - __main__ - INFO - xd token is their but bearer token expired
2025-04-17 17:49:50,804 - __main__ - ERROR - unable to fetch access token
2025-04-17 17:49:50,804 - __main__ - INFO - Generated new bearer token for this xd xd_token_15
2025-04-17 17:49:50,821 - __main__ - INFO - xd token is their but bearer token expired
2025-04-17 17:49:50,953 - __main__ - ERROR - unable to fetch access token
2025-04-17 17:49:50,953 - __main__ - INFO - Generated new bearer token for this xd xd_token_18
2025-04-17 17:49:50,968 - __main__ - INFO - xd token is their but bearer token expired
2025-04-17 17:49:51,119 - __main__ - ERROR - unable to fetch access token
2025-04-17 17:49:51,119 - __main__ - INFO - Generated new bearer token for this xd xd_token_19
2025-04-17 17:49:51,146 - __main__ - INFO - xd token is their but bearer token expired
2025-04-17 17:49:51,286 - __main__ - ERROR - unable to fetch access token
2025-04-17 17:49:51,286 - __main__ - INFO - Generated new bearer token for this xd xd_token_21
2025-04-17 17:49:51,357 - __main__ - INFO - xd token is their but bearer token expired
2025-04-17 17:49:51,503 - __main__ - ERROR - unable to fetch access token
2025-04-17 17:49:51,503 - __main__ - INFO - Generated new bearer token for this xd xd_token_30
2025-04-17 17:49:51,519 - __main__ - INFO - xd token is their but bearer token expired
2025-04-17 17:49:51,651 - __main__ - ERROR - unable to fetch access token
2025-04-17 17:49:51,651 - __main__ - INFO - Generated new bearer token for this xd xd_token_32
2025-04-17 17:49:51,651 - __main__ - INFO - xd token is their but bearer token expired
2025-04-17 17:49:51,801 - __main__ - ERROR - unable to fetch access token
2025-04-17 17:49:51,801 - __main__ - INFO - Generated new bearer token for this xd xd_token_34
2025-04-17 17:49:51,829 - __main__ - INFO - xd token is their but bearer token expired
2025-04-17 17:49:51,906 - __main__ - ERROR - unable to fetch access token
2025-04-17 17:49:51,906 - __main__ - INFO - Generated new bearer token for this xd xd_token_36
2025-04-17 17:49:51,911 - __main__ - INFO - xd token is their but bearer token expired
2025-04-17 17:49:52,073 - __main__ - ERROR - unable to fetch access token
2025-04-17 17:49:52,078 - __main__ - INFO - Generated new bearer token for this xd xd_token_37
2025-04-17 17:49:52,106 - __main__ - INFO - xd token is their but bearer token expired
2025-04-17 17:49:52,251 - __main__ - ERROR - unable to fetch access token
2025-04-17 17:49:52,251 - __main__ - INFO - Generated new bearer token for this xd xd_token_39
2025-04-17 17:49:52,267 - __main__ - INFO - xd token is their but bearer token expired
2025-04-17 17:49:52,387 - __main__ - ERROR - unable to fetch access token
2025-04-17 17:49:52,387 - __main__ - INFO - Generated new bearer token for this xd xd_token_41
2025-04-17 17:49:52,412 - __main__ - INFO - xd token is their but bearer token expired
2025-04-17 17:49:52,551 - __main__ - ERROR - unable to fetch access token
2025-04-17 17:49:52,551 - __main__ - INFO - Generated new bearer token for this xd xd_token_43
2025-04-17 17:49:52,584 - __main__ - INFO - xd token is their but bearer token expired
2025-04-17 17:49:52,713 - __main__ - ERROR - unable to fetch access token
2025-04-17 17:49:52,713 - __main__ - INFO - Generated new bearer token for this xd xd_token_45
2025-04-17 17:49:52,720 - __main__ - INFO - xd token is their but bearer token expired
2025-04-17 17:49:52,854 - __main__ - ERROR - unable to fetch access token
2025-04-17 17:49:52,854 - __main__ - INFO - Generated new bearer token for this xd xd_token_47
2025-04-17 17:49:52,870 - __main__ - INFO - xd token is their but bearer token expired
2025-04-17 17:49:53,067 - __main__ - ERROR - unable to fetch access token
2025-04-17 17:49:53,067 - __main__ - INFO - Generated new bearer token for this xd xd_token_48
2025-04-17 17:49:53,102 - __main__ - INFO - xd token is their but bearer token expired
2025-04-17 17:49:53,250 - __main__ - ERROR - unable to fetch access token
2025-04-17 17:49:53,250 - __main__ - INFO - Generated new bearer token for this xd xd_token_50
